<?xml version="1.0" encoding="UTF-8"?>
<testsuite xmlns:xsi="http://www.w3.org/2001/XMLSchema-instance" xsi:noNamespaceSchemaLocation="https://maven.apache.org/surefire/maven-surefire-plugin/xsd/surefire-test-report-3.0.xsd" version="3.0" name="jtasktracker.JTaskTrackerTest" time="0.102" tests="23" errors="0" skipped="0" failures="0">
  <properties>
[...]
</properties>
  <testcase name="testEmptyArgumentsNoArgs" classname="jtasktracker.JTaskTrackerTest" time="0.004"/>
  <testcase name="testPassValidateQuantityOfArgumentsForOne" classname="jtasktracker.JTaskTrackerTest" time="0.002"/>
  <testcase name="testPassValidateQuantityOfArgumentsForTwo" classname="jtasktracker.JTaskTrackerTest" time="0.001"/>
  <testcase name="testFailValidateQuantityOfArgumentsForThree" classname="jtasktracker.JTaskTrackerTest" time="0.001"/>
  <testcase name="testAddTask" classname="jtasktracker.JTaskTrackerTest" time="0.004"/>
  <testcase name="testUpdateTask" classname="jtasktracker.JTaskTrackerTest" time="0.007"/>
  <testcase name="testExistTask" classname="jtasktracker.JTaskTrackerTest" time="0.004"/>
  <testcase name="testEmptyArgumentsWithArgs" classname="jtasktracker.JTaskTrackerTest" time="0.001"/>
  <testcase name="testGetList" classname="jtasktracker.JTaskTrackerTest" time="0.006">
    <system-out><![CDATA[ID:1 do exercises
ID:2 brush teeth
]]></system-out>
  </testcase>
  <testcase name="testGetAdvancedList" classname="jtasktracker.JTaskTrackerTest" time="0.008">
    <system-out><![CDATA[ID:1 do exercises
ID:2 brush teeth
]]></system-out>
  </testcase>
  <testcase name="testGetFormattedTasks" classname="jtasktracker.JTaskTrackerTest" time="0.003">
    <system-out><![CDATA[ID:1 run 10 km
]]></system-out>
  </testcase>
  <testcase name="testMarkInProgress" classname="jtasktracker.JTaskTrackerTest" time="0.007"/>
  <testcase name="testFailValidateTypeOfSecondArg" classname="jtasktracker.JTaskTrackerTest" time="0.001"/>
  <testcase name="testFailValidateQuantityOfArgumentsForOne" classname="jtasktracker.JTaskTrackerTest" time="0.001"/>
  <testcase name="testFailValidateQuantityOfArgumentsForTwo" classname="jtasktracker.JTaskTrackerTest" time="0.002"/>
  <testcase name="testDeleteTask" classname="jtasktracker.JTaskTrackerTest" time="0.002"/>
  <testcase name="testFailValidateQuantityOfArguments" classname="jtasktracker.JTaskTrackerTest" time="0.002"/>
  <testcase name="testFailValidateSecondArgOfListCase" classname="jtasktracker.JTaskTrackerTest" time="0.001"/>
  <testcase name="testPassValidateQuantityOfArguments" classname="jtasktracker.JTaskTrackerTest" time="0.001"/>
  <testcase name="testPassValidateSecondArgOfListCase" classname="jtasktracker.JTaskTrackerTest" time="0.001"/>
  <testcase name="testPassValidateTypeOfSecondArg" classname="jtasktracker.JTaskTrackerTest" time="0.002"/>
  <testcase name="testPassValidateQuantityOfArgumentsForThree" classname="jtasktracker.JTaskTrackerTest" time="0.002"/>
  <testcase name="testFailFirstArguments" classname="jtasktracker.JTaskTrackerTest" time="0.002">
    <system-out><![CDATA[Incorrect arguments
]]></system-out>
  </testcase>
</testsuite>