<?xml version="1.0" encoding="UTF-8"?>
<testsuite xmlns:xsi="http://www.w3.org/2001/XMLSchema-instance" xsi:noNamespaceSchemaLocation="https://maven.apache.org/surefire/maven-surefire-plugin/xsd/surefire-test-report-3.0.xsd" version="3.0" name="jtasktracker.APIJSONTest" time="0.202" tests="20" errors="0" skipped="0" failures="0">
  <properties>
[...]
</properties>
  <testcase name="testPrepareFormat" classname="jtasktracker.APIJSONTest" time="0.092"/>
  <testcase name="testAddElementToNoEmptyList" classname="jtasktracker.APIJSONTest" time="0.002"/>
  <testcase name="testFailExistTask" classname="jtasktracker.APIJSONTest" time="0.002"/>
  <testcase name="testGetTaskFromList" classname="jtasktracker.APIJSONTest" time="0.002"/>
  <testcase name="testSetUpdatedAtValueInMarkDone" classname="jtasktracker.APIJSONTest" time="0.002"/>
  <testcase name="testUpdateTask" classname="jtasktracker.APIJSONTest" time="0.002"/>
  <testcase name="testWriteJson" classname="jtasktracker.APIJSONTest" time="0.007"/>
  <testcase name="testExistTask" classname="jtasktracker.APIJSONTest" time="0.001"/>
  <testcase name="testAddElementToEmptyList" classname="jtasktracker.APIJSONTest" time="0.002"/>
  <testcase name="testGetList" classname="jtasktracker.APIJSONTest" time="0.004"/>
  <testcase name="testSetUpdatedAtValueInUpdateTask" classname="jtasktracker.APIJSONTest" time="0.002"/>
  <testcase name="testPrepareFormatWithEmptyData" classname="jtasktracker.APIJSONTest" time="0.001"/>
  <testcase name="testGetListEmpty" classname="jtasktracker.APIJSONTest" time="0.001"/>
  <testcase name="testReadJson" classname="jtasktracker.APIJSONTest" time="0.002"/>
  <testcase name="testMarkInProgressTask" classname="jtasktracker.APIJSONTest" time="0.002"/>
  <testcase name="testMarkDoneTask" classname="jtasktracker.APIJSONTest" time="0.002"/>
  <testcase name="testGetAdvancedList" classname="jtasktracker.APIJSONTest" time="0.002"/>
  <testcase name="testInitJson" classname="jtasktracker.APIJSONTest" time="0.002"/>
  <testcase name="testDeleteTask" classname="jtasktracker.APIJSONTest" time="0.001"/>
  <testcase name="testSetUpdatedAtValueInMarkInProgress" classname="jtasktracker.APIJSONTest" time="0.002"/>
</testsuite>